<?xml version="1.0" encoding="UTF-8" ?>
<testsuite tests="1" failures="0" name="org.exercice.adserve.AppTest" time="0.004" errors="0" skipped="0">
  <properties>
    <property name="os.detected.version" value="6.8"/>
    <property name="java.runtime.name" value="Java(TM) SE Runtime Environment"/>
    <property name="java.vm.version" value="20.0.2+9-78"/>
    <property name="sun.boot.library.path" value="/usr/lib/jvm/jdk-20.0.2/lib"/>
    <property name="maven.multiModuleProjectDirectory" value="/home/hdijim/Exercice-Ad-Serving/mon-ad-serve"/>
    <property name="java.vm.vendor" value="Oracle Corporation"/>
    <property name="java.vendor.url" value="https://java.oracle.com/"/>
    <property name="guice.disable.misplaced.annotation.check" value="true"/>
    <property name="path.separator" value=":"/>
    <property name="os.detected.version.minor" value="8"/>
    <property name="java.vm.name" value="Java HotSpot(TM) 64-Bit Server VM"/>
    <property name="user.country" value="GB"/>
    <property name="sun.java.launcher" value="SUN_STANDARD"/>
    <property name="java.vm.specification.name" value="Java Virtual Machine Specification"/>
    <property name="user.dir" value="/home/hdijim/Exercice-Ad-Serving/mon-ad-serve"/>
    <property name="java.vm.compressedOopsMode" value="Zero based"/>
    <property name="os.detected.release.like.debian" value="true"/>
    <property name="java.runtime.version" value="20.0.2+9-78"/>
    <property name="os.arch" value="amd64"/>
    <property name="java.io.tmpdir" value="/tmp"/>
    <property name="os.detected.release.version" value="22.04"/>
    <property name="line.separator" value="
"/>
    <property name="java.vm.specification.vendor" value="Oracle Corporation"/>
    <property name="os.detected.version.major" value="6"/>
    <property name="stderr.encoding" value="UTF-8"/>
    <property name="os.name" value="Linux"/>
    <property name="os.detected.classifier" value="linux-x86_64"/>
    <property name="classworlds.conf" value="/opt/apache-maven-3.8.4/bin/m2.conf"/>
    <property name="sun.jnu.encoding" value="UTF-8"/>
    <property name="stdout.encoding" value="UTF-8"/>
    <property name="java.library.path" value="/usr/java/packages/lib:/usr/lib64:/lib64:/lib:/usr/lib"/>
    <property name="os.detected.arch" value="x86_64"/>
    <property name="maven.conf" value="/opt/apache-maven-3.8.4/conf"/>
    <property name="jdk.debug" value="release"/>
    <property name="java.class.version" value="64.0"/>
    <property name="java.specification.name" value="Java Platform API Specification"/>
    <property name="sun.management.compiler" value="HotSpot 64-Bit Tiered Compilers"/>
    <property name="os.detected.name" value="linux"/>
    <property name="os.version" value="6.8.0-45-generic"/>
    <property name="library.jansi.path" value="/opt/apache-maven-3.8.4/lib/jansi-native"/>
    <property name="user.home" value="/home/hdijim"/>
    <property name="user.timezone" value="Europe/Paris"/>
    <property name="file.encoding" value="UTF-8"/>
    <property name="java.specification.version" value="20"/>
    <property name="os.detected.release" value="ubuntu"/>
    <property name="user.name" value="hdijim"/>
    <property name="java.class.path" value="/opt/apache-maven-3.8.4/boot/plexus-classworlds-2.6.0.jar"/>
    <property name="java.vm.specification.version" value="20"/>
    <property name="sun.arch.data.model" value="64"/>
    <property name="sun.java.command" value="org.codehaus.plexus.classworlds.launcher.Launcher clean install"/>
    <property name="java.home" value="/usr/lib/jvm/jdk-20.0.2"/>
    <property name="user.language" value="en"/>
    <property name="java.specification.vendor" value="Oracle Corporation"/>
    <property name="java.vm.info" value="mixed mode, sharing"/>
    <property name="os.detected.release.like.ubuntu" value="true"/>
    <property name="java.version" value="20.0.2"/>
    <property name="native.encoding" value="UTF-8"/>
    <property name="java.vendor" value="Oracle Corporation"/>
    <property name="maven.home" value="/opt/apache-maven-3.8.4"/>
    <property name="file.separator" value="/"/>
    <property name="java.version.date" value="2023-07-18"/>
    <property name="java.vendor.url.bug" value="https://bugreport.java.com/bugreport/"/>
    <property name="sun.io.unicode.encoding" value="UnicodeLittle"/>
    <property name="sun.cpu.endian" value="little"/>
  </properties>
  <testcase classname="org.exercice.adserve.AppTest" name="testApp" time="0.004"/>
</testsuite>